[02/08/2017 21:08:06] Starting work item 17b82f5cef9c4d3d84625eedbdacbb48
[02/08/2017 21:08:06] Start download phase.
[02/08/2017 21:08:08] Start preparing AppPackage samplePlugin.
[02/08/2017 21:08:08] Reuse previously downloaded app from local cache.
[02/08/2017 21:08:08] Done preparing AppPackage samplePlugin.
[02/08/2017 21:08:08] Start downloading file https://s3-us-west-2.amazonaws.com/inventor-io-samples/Box.ipt.
[02/08/2017 21:08:08] End downloading file https://s3-us-west-2.amazonaws.com/inventor-io-samples/Box.ipt. 84480 bytes have been written to Z:\Aces\Jobs\17b82f5cef9c4d3d84625eedbdacbb48\swing_c_washer.ipt.
[02/08/2017 21:08:08] Embedded resource data:application/json,{"d1":"0.3 in", "d2":"0.5 in"} is saved as file: Z:\Aces\Jobs\17b82f5cef9c4d3d84625eedbdacbb48\changeParameters.json.
[02/08/2017 21:08:08] End download phase.
[02/08/2017 21:08:08] Start preparing script and command line parameters.
[02/08/2017 21:08:08] Folder "Z:\Aces\Jobs\17b82f5cef9c4d3d84625eedbdacbb48\Output.stl" has been created.
[02/08/2017 21:08:08] Start script content.
[02/08/2017 21:08:08] 
[02/08/2017 21:08:08] End script content.
[02/08/2017 21:08:08] Command line: /i "Z:\Aces\Jobs\17b82f5cef9c4d3d84625eedbdacbb48\swing_c_washer.ipt" changeParameters.json Output.stl /s "Z:\Aces\Jobs\17b82f5cef9c4d3d84625eedbdacbb48\script.scr"
[02/08/2017 21:08:08] End preparing script and command line parameters.
[02/08/2017 21:08:08] Start script phase.
[02/08/2017 21:08:08] ### Command line arguments:  /i "Z:\Aces\Jobs\17b82f5cef9c4d3d84625eedbdacbb48\swing_c_washer.ipt" changeParameters.json Output.stl /s "Z:\Aces\Jobs\17b82f5cef9c4d3d84625eedbdacbb48\script.scr" /al "Z:\Aces\Applications\21.17\samplePlugin[9905bdf0-ff76-47cf-9e88-a193fff1b3b7].package".
[02/08/2017 21:08:08] Start AutoCAD Core application output.
[02/08/2017 21:08:08] accoreconsole.exe Information: 0 : Starting Inventor Server.
[02/08/2017 21:08:08] accoreconsole.exe Information: 0 : Started Inventor Server 2017.1 (Build 211199000, 199)
[02/08/2017 21:08:08] accoreconsole.exe Information: 0 : Loading plug-in: iLogic Plugin
[02/08/2017 21:08:08]     accoreconsole.exe Information: 0 : Activating plug-in: iLogic Plugin
[02/08/2017 21:08:08]     iLogic Plugin: initializing...
[02/08/2017 21:08:08] accoreconsole.exe Information: 0 : Opening document: Z:\Aces\Jobs\17b82f5cef9c4d3d84625eedbdacbb48\swing_c_washer.ipt
[02/08/2017 21:08:09] accoreconsole.exe Information: 0 : Getting Inventor plug-in.
[02/08/2017 21:08:09] accoreconsole.exe Information: 0 : Plug-in: sample plugin
[02/08/2017 21:08:09]     accoreconsole.exe Information: 0 : Activating plug-in: sample plugin
[02/08/2017 21:08:09]     accoreconsole.exe Information: 0 : : samplePlugin: initializing... 
[02/08/2017 21:08:09]     accoreconsole.exe Information: 0 : Executing 'RunWithArguments' method on Automation object.
[02/08/2017 21:08:09]     accoreconsole.exe Information: 0 : 2
[02/08/2017 21:08:09]     accoreconsole.exe Information: 0 : RunWithArguments called with swing_c_washer and changeParameters.json and Output.stl
[02/08/2017 21:08:09]     accoreconsole.exe Information: 0 : Modifying param _1
[02/08/2017 21:08:09]     accoreconsole.exe Information: 0 : paramFile: changeParameters.json
[02/08/2017 21:08:09]     accoreconsole.exe Information: 0 : changeParameters file: "{"d1":"0.3 in", "d2":"0.5 in"}"
[02/08/2017 21:08:09]     accoreconsole.exe Information: 0 : param to change: d1:0.3 in
[02/08/2017 21:08:10]     accoreconsole.exe Information: 0 : param to change: d2:0.5 in
[02/08/2017 21:08:10]     accoreconsole.exe Information: 0 : doc updated.
[02/08/2017 21:08:10]     accoreconsole.exe Information: 0 : writing file: Z:\Aces\Jobs\17b82f5cef9c4d3d84625eedbdacbb48\Output.stl
[02/08/2017 21:08:10]     accoreconsole.exe Error: 0 : Exception in plugin: System.ArgumentException: The parameter is incorrect. (Exception from HRESULT: 0x80070057 (E_INVALIDARG))
[02/08/2017 21:08:10]    at System.RuntimeType.ForwardCallToInvokeMember(String memberName, BindingFlags flags, Object target, Int32[] aWrapperTypes, MessageData& msgData)
[02/08/2017 21:08:10]    at Inventor._DocumentClass.SaveAs(String FileName, Boolean SaveCopyAs)
[02/08/2017 21:08:10]    at samplePlugin.SampleAutomation.RunWithArguments(Document doc, NameValueMap map) in C:\Forge\InventorIOSamples-master\samplePlugin\samplePlugin\SampleAutomation.cs:line 60
[02/08/2017 21:08:10]    at System.Dynamic.UpdateDelegates.UpdateAndExecuteVoid3[T0,T1,T2](CallSite site, T0 arg0, T1 arg1, T2 arg2)
[02/08/2017 21:08:10]    at IvCoreConsole.Inv.InventorServerApp.TryRunWithArguments(Object automationObject, CommandLineArgs cl)
[02/08/2017 21:08:10]    at IvCoreConsole.Inv.InventorServerApp.ExecuteAutomation(Object automationObject, CommandLineArgs cl)
[02/08/2017 21:08:10]    at IvCoreConsole.Inv.InventorServerApp.RunPlugin(IInventorAddInAppPackage addin, CommandLineArgs cl)
[02/08/2017 21:08:10] End AutoCAD Core Console output
[02/08/2017 21:08:10] Error: AutoCAD Core Console output contains error(s).
[02/08/2017 21:08:10] End script phase.
[02/08/2017 21:08:10] Start upload phase.
[02/08/2017 21:08:10] Zipping directory Z:\Aces\Jobs\17b82f5cef9c4d3d84625eedbdacbb48\Output.stl as Z:\Aces\Jobs\17b82f5cef9c4d3d84625eedbdacbb48\Output.stl.zip.
[02/08/2017 21:08:10] Uploading Z:\Aces\Jobs\17b82f5cef9c4d3d84625eedbdacbb48\Output.stl.zip to https://inventorio-prod.s3-us-west-2.amazonaws.com/aces-workitem-outputs/17b82f5cef9c4d3d84625eedbdacbb48/Output.stl.zip?AWSAccessKeyId=ASIAJ62TNL77IDWF4X6A&Expires=1486591690&x-amz-security-token=FQoDYXdzEGUaDBi%2BZg6aBXECfgvBfCK3A6dh63%2BgQYqwGTAerfgX7X2H2uFkDROhJ41TG29XPHbHGk6L9f3zeBEM7%2FJrExkzFBVImF1cGidK47ohsEJGDpXApU3qCl0j%2BgL%2FYAvxu%2FHBJ0MBSZFzp5H244MlrA5m8lq8e4iHlAIuI8Fuu%2FiuGXqC6ArVLEnXH%2BhirvhPcvt1wkRiAkEcOHFSUhuJt15EYY31%2FsN50v5Ppe30jzlUTwkmxrfCFNjIxJXTimcAATB673Evwrb2xO34wds834L3j0nMiTmBaSgRuD8awgNQZJRL86ONc%2BDh5MDEhpaeesFeCzCBAovRdQFUB8RbpQtI%2Bd8J0RyFCUlN7lZxlfkOv1jBPsMZc8mKMcSintoFQIxSU5wmko%2Fnb%2FH0b6xXge653w60URmTww5KVRbpFY4ChPCDmhzb59IwuEeG27Rn8i87kAb22nXxoBIUPtEJVimZT1LTe3LXGWgohBxPQn53%2FNzdvBmawv0MtHERAukEyg9%2Fb5NXm3v7a7lHZQ99FKWJJeW6%2FEDVrNAWJe9ZAPUMgtViS90l%2BxvZLa4Qip8i%2Fye04wA0uUHB4HRrxlquPZjtVvmCVu1VII8oivDtxAU%3D&Signature=FLYtIfS77VL4EVBa09ErigfWiTM%3D.
[02/08/2017 21:08:10] End upload phase.
[02/08/2017 21:08:10] Job finished with result Succeeded
